<?xml version="1.0" encoding="UTF-8"?>
<!-- Generated by org.testng.reporters.JUnitXMLReporter -->
<testsuite ignored="0" hostname="DESKTOP-BT1474T" failures="0" tests="3" name="Default test" time="213.397" errors="0" timestamp="2023-07-24T19:10:15 IST">
  <testcase classname="com.crm.qa.testcases.LoginPageTest" name="loginPageTitleTest" time="17.041"/>
  <testcase classname="com.crm.qa.testcases.LoginPageTest" name="crmLogoImageTest" time="5.634"/>
  <testcase classname="com.crm.qa.testcases.LoginPageTest" name="loginTest" time="37.346"/>
</testsuite> <!-- Default test -->
