<?xml version="1.0" encoding="UTF-8"?>
<testng-results ignored="0" total="3" passed="3" failed="0" skipped="0">
  <reporter-output>
  </reporter-output>
  <suite started-at="2023-07-24T19:06:42 IST" name="Default suite" finished-at="2023-07-24T19:10:15 IST" duration-ms="213397">
    <groups>
    </groups>
    <test started-at="2023-07-24T19:06:42 IST" name="Default test" finished-at="2023-07-24T19:10:15 IST" duration-ms="213397">
      <class name="com.crm.qa.testcases.LoginPageTest">
        <test-method is-config="true" signature="setUp()[pri:0, instance:com.crm.qa.testcases.LoginPageTest@d86a6f]" started-at="2023-07-24T19:06:42 IST" name="setUp" finished-at="2023-07-24T19:09:09 IST" duration-ms="146839" status="PASS">
          <reporter-output>
          </reporter-output>
        </test-method> <!-- setUp -->
        <test-method signature="loginPageTitleTest()[pri:1, instance:com.crm.qa.testcases.LoginPageTest@d86a6f]" started-at="2023-07-24T19:09:09 IST" name="loginPageTitleTest" finished-at="2023-07-24T19:09:26 IST" duration-ms="17041" status="PASS">
          <reporter-output>
          </reporter-output>
        </test-method> <!-- loginPageTitleTest -->
        <test-method signature="crmLogoImageTest()[pri:2, instance:com.crm.qa.testcases.LoginPageTest@d86a6f]" started-at="2023-07-24T19:09:26 IST" name="crmLogoImageTest" finished-at="2023-07-24T19:09:32 IST" duration-ms="5634" status="PASS">
          <reporter-output>
          </reporter-output>
        </test-method> <!-- crmLogoImageTest -->
        <test-method signature="loginTest()[pri:3, instance:com.crm.qa.testcases.LoginPageTest@d86a6f]" started-at="2023-07-24T19:09:32 IST" name="loginTest" finished-at="2023-07-24T19:10:09 IST" duration-ms="37346" status="PASS">
          <reporter-output>
          </reporter-output>
        </test-method> <!-- loginTest -->
        <test-method is-config="true" signature="tearDown()[pri:0, instance:com.crm.qa.testcases.LoginPageTest@d86a6f]" started-at="2023-07-24T19:10:09 IST" name="tearDown" finished-at="2023-07-24T19:10:15 IST" duration-ms="5817" status="PASS">
          <reporter-output>
          </reporter-output>
        </test-method> <!-- tearDown -->
      </class> <!-- com.crm.qa.testcases.LoginPageTest -->
    </test> <!-- Default test -->
  </suite> <!-- Default suite -->
</testng-results>
